2025-10-13 22:07:34,036 - __main__ - INFO - Starting our Model Training pipeline
2025-10-13 22:07:34,036 - __main__ - INFO - Starting our MLFLOW experimentation
2025-10-13 22:07:34,036 - __main__ - INFO - Logging the training and testing datset to MLFLOW
2025-10-13 22:07:34,044 - __main__ - INFO - Loading data from artifacts/processed\processed_train.csv
2025-10-13 22:07:34,044 - utils.common_functions - INFO - Loading data
2025-10-13 22:07:34,065 - __main__ - INFO - Loading data from artifacts/processed\processed_test.csv
2025-10-13 22:07:34,066 - utils.common_functions - INFO - Loading data
2025-10-13 22:07:34,083 - __main__ - INFO - Data splitted sucefully for Model Training
2025-10-13 22:07:34,083 - __main__ - INFO - Intializing our model
2025-10-13 22:07:34,083 - __main__ - INFO - Starting our Hyperparamter tuning
2025-10-13 22:07:34,083 - __main__ - INFO - Starting our Hyperparamter tuning
2025-10-13 22:07:37,222 - __main__ - INFO - Hyperparamter tuning completed
2025-10-13 22:07:37,222 - __main__ - INFO - Best paramters are : {'boosting_type': 'gbdt', 'learning_rate': np.float64(0.1293700315892974), 'max_depth': 23, 'n_estimators': 314, 'num_leaves': 94}
2025-10-13 22:07:37,222 - __main__ - INFO - Evaluating our model
2025-10-13 22:07:37,246 - __main__ - INFO - Accuracy Score : 0.8814506539833532
2025-10-13 22:07:37,246 - __main__ - INFO - Precision Score : 0.8670480549199084
2025-10-13 22:07:37,247 - __main__ - INFO - Recall Score : 0.9010701545778834
2025-10-13 22:07:37,247 - __main__ - INFO - F1 Score : 0.883731778425656
2025-10-13 22:07:37,247 - __main__ - INFO - saving the model
2025-10-13 22:07:37,273 - __main__ - INFO - Model saved to artifacts/models/lgbm_model.pkl
2025-10-13 22:07:37,273 - __main__ - INFO - Logging the model into MLFLOW
2025-10-13 22:07:37,274 - __main__ - INFO - Logging Params and metrics to MLFLOW
2025-10-13 22:07:37,309 - __main__ - INFO - Model Training sucesfullly completed
