2025-10-15 20:40:55,675 - utils.common_functions - INFO - Succesfully read the YAML file
2025-10-15 20:40:55,675 - src.data_ingestion - INFO - Data Ingestion started with my_bucket666 and file is Hotel_Reservations.csv
2025-10-15 20:40:55,675 - src.data_ingestion - INFO - Starting data ingestion process
2025-10-15 20:41:07,634 - src.data_ingestion - ERROR - Error while downloading the csv file from GCP
2025-10-15 20:41:07,634 - src.data_ingestion - INFO - Data ingestion completed
2025-10-15 20:49:28,341 - utils.common_functions - INFO - Succesfully read the YAML file
2025-10-15 20:49:28,342 - src.data_ingestion - INFO - Data Ingestion started with my_bucket666 and file is Hotel_Reservations.csv
2025-10-15 20:49:28,342 - src.data_ingestion - INFO - Starting data ingestion process
2025-10-15 20:49:40,165 - src.data_ingestion - ERROR - Error while downloading the csv file from GCP
2025-10-15 20:49:40,165 - src.data_ingestion - INFO - Data ingestion completed
2025-10-15 20:52:43,449 - utils.common_functions - INFO - Succesfully read the YAML file
2025-10-15 20:52:43,449 - __main__ - INFO - Data Ingestion started with my_bucket666 and file is Hotel_Reservations.csv
2025-10-15 20:52:43,449 - __main__ - INFO - Starting data ingestion process
2025-10-15 20:52:44,586 - __main__ - INFO - CSV file from GCP is succesfully downloaded to artifacts/raw\raw.csv
2025-10-15 20:52:44,587 - __main__ - INFO - Starting the splitting process
2025-10-15 20:52:44,713 - __main__ - INFO - Train data saved to artifacts/raw\train.csv
2025-10-15 20:52:44,713 - __main__ - INFO - Test data saved to artifacts/raw\test.csv
2025-10-15 20:52:44,714 - __main__ - INFO - Data ingestion complted sucesfully
2025-10-15 20:52:44,714 - __main__ - INFO - Data ingestion completed
2025-10-15 20:53:35,528 - utils.common_functions - INFO - Succesfully read the YAML file
2025-10-15 20:53:35,529 - src.data_ingestion - INFO - Data Ingestion started with my_bucket666 and file is Hotel_Reservations.csv
2025-10-15 20:53:35,529 - src.data_ingestion - INFO - Starting data ingestion process
2025-10-15 20:53:36,516 - src.data_ingestion - INFO - CSV file from GCP is succesfully downloaded to artifacts/raw\raw.csv
2025-10-15 20:53:36,516 - src.data_ingestion - INFO - Starting the splitting process
2025-10-15 20:53:36,635 - src.data_ingestion - INFO - Train data saved to artifacts/raw\train.csv
2025-10-15 20:53:36,635 - src.data_ingestion - INFO - Test data saved to artifacts/raw\test.csv
2025-10-15 20:53:36,636 - src.data_ingestion - INFO - Data ingestion complted sucesfully
2025-10-15 20:53:36,636 - src.data_ingestion - INFO - Data ingestion completed
2025-10-15 20:53:36,637 - utils.common_functions - INFO - Succesfully read the YAML file
2025-10-15 20:53:36,637 - src.data_preprocesing - INFO - Loading data from RAW directory
2025-10-15 20:53:36,637 - utils.common_functions - INFO - Loading data
2025-10-15 20:53:36,671 - utils.common_functions - INFO - Loading data
2025-10-15 20:53:36,685 - src.data_preprocesing - INFO - Starting our Data Processing step
2025-10-15 20:53:36,685 - src.data_preprocesing - INFO - Dropping the columns
2025-10-15 20:53:36,700 - src.data_preprocesing - INFO - Applying Label Encoding
2025-10-15 20:53:36,713 - src.data_preprocesing - INFO - Label Mappings are : 
2025-10-15 20:53:36,713 - src.data_preprocesing - INFO - type_of_meal_plan : {'Meal Plan 1': np.int64(0), 'Meal Plan 2': np.int64(1), 'Meal Plan 3': np.int64(2), 'Not Selected': np.int64(3)}
2025-10-15 20:53:36,713 - src.data_preprocesing - INFO - required_car_parking_space : {np.int64(0): np.int64(0), np.int64(1): np.int64(1)}
2025-10-15 20:53:36,713 - src.data_preprocesing - INFO - room_type_reserved : {'Room_Type 1': np.int64(0), 'Room_Type 2': np.int64(1), 'Room_Type 3': np.int64(2), 'Room_Type 4': np.int64(3), 'Room_Type 5': np.int64(4), 'Room_Type 6': np.int64(5), 'Room_Type 7': np.int64(6)}
2025-10-15 20:53:36,713 - src.data_preprocesing - INFO - market_segment_type : {'Aviation': np.int64(0), 'Complementary': np.int64(1), 'Corporate': np.int64(2), 'Offline': np.int64(3), 'Online': np.int64(4)}
2025-10-15 20:53:36,713 - src.data_preprocesing - INFO - repeated_guest : {np.int64(0): np.int64(0), np.int64(1): np.int64(1)}
2025-10-15 20:53:36,713 - src.data_preprocesing - INFO - booking_status : {'Canceled': np.int64(0), 'Not_Canceled': np.int64(1)}
2025-10-15 20:53:36,713 - src.data_preprocesing - INFO - Doing Skewness Handling
2025-10-15 20:53:36,715 - src.data_preprocesing - INFO - Starting our Data Processing step
2025-10-15 20:53:36,715 - src.data_preprocesing - INFO - Dropping the columns
2025-10-15 20:53:36,718 - src.data_preprocesing - INFO - Applying Label Encoding
2025-10-15 20:53:36,722 - src.data_preprocesing - INFO - Label Mappings are : 
2025-10-15 20:53:36,722 - src.data_preprocesing - INFO - type_of_meal_plan : {'Meal Plan 1': np.int64(0), 'Meal Plan 2': np.int64(1), 'Meal Plan 3': np.int64(2), 'Not Selected': np.int64(3)}
2025-10-15 20:53:36,722 - src.data_preprocesing - INFO - required_car_parking_space : {np.int64(0): np.int64(0), np.int64(1): np.int64(1)}
2025-10-15 20:53:36,722 - src.data_preprocesing - INFO - room_type_reserved : {'Room_Type 1': np.int64(0), 'Room_Type 2': np.int64(1), 'Room_Type 3': np.int64(2), 'Room_Type 4': np.int64(3), 'Room_Type 5': np.int64(4), 'Room_Type 6': np.int64(5), 'Room_Type 7': np.int64(6)}
2025-10-15 20:53:36,722 - src.data_preprocesing - INFO - market_segment_type : {'Aviation': np.int64(0), 'Complementary': np.int64(1), 'Corporate': np.int64(2), 'Offline': np.int64(3), 'Online': np.int64(4)}
2025-10-15 20:53:36,722 - src.data_preprocesing - INFO - repeated_guest : {np.int64(0): np.int64(0), np.int64(1): np.int64(1)}
2025-10-15 20:53:36,722 - src.data_preprocesing - INFO - booking_status : {'Canceled': np.int64(0), 'Not_Canceled': np.int64(1)}
2025-10-15 20:53:36,722 - src.data_preprocesing - INFO - Doing Skewness Handling
2025-10-15 20:53:36,723 - src.data_preprocesing - INFO - Handling Imbalanced Data
2025-10-15 20:53:38,199 - src.data_preprocesing - INFO - Data balanced sucesffuly
2025-10-15 20:53:38,200 - src.data_preprocesing - INFO - Handling Imbalanced Data
2025-10-15 20:53:38,208 - src.data_preprocesing - INFO - Data balanced sucesffuly
2025-10-15 20:53:38,208 - src.data_preprocesing - INFO - Starting our Feature selection step
2025-10-15 20:53:39,949 - src.data_preprocesing - INFO - Features selected : ['lead_time' 'no_of_special_requests' 'avg_price_per_room' 'arrival_month'
 'arrival_date' 'market_segment_type' 'no_of_week_nights'
 'no_of_weekend_nights' 'type_of_meal_plan' 'room_type_reserved']
2025-10-15 20:53:39,950 - src.data_preprocesing - INFO - Feature slection completed sucesfully
2025-10-15 20:53:39,952 - src.data_preprocesing - INFO - Saving our data in processed folder
2025-10-15 20:53:39,987 - src.data_preprocesing - INFO - Data saved sucesfuly to artifacts/processed\processed_train.csv
2025-10-15 20:53:39,987 - src.data_preprocesing - INFO - Saving our data in processed folder
2025-10-15 20:53:39,997 - src.data_preprocesing - INFO - Data saved sucesfuly to artifacts/processed\processed_test.csv
2025-10-15 20:53:39,997 - src.data_preprocesing - INFO - Data processing completed sucesfully
2025-10-15 20:53:40,465 - src.model_training - INFO - Starting our Model Training pipeline
2025-10-15 20:53:40,465 - src.model_training - INFO - Starting our MLFLOW experimentation
2025-10-15 20:53:40,465 - src.model_training - INFO - Logging the training and testing datset to MLFLOW
2025-10-15 20:53:40,470 - src.model_training - INFO - Loading data from artifacts/processed\processed_train.csv
2025-10-15 20:53:40,470 - utils.common_functions - INFO - Loading data
2025-10-15 20:53:40,487 - src.model_training - INFO - Loading data from artifacts/processed\processed_test.csv
2025-10-15 20:53:40,487 - utils.common_functions - INFO - Loading data
2025-10-15 20:53:40,499 - src.model_training - INFO - Data splitted sucefully for Model Training
2025-10-15 20:53:40,499 - src.model_training - INFO - Intializing our model
2025-10-15 20:53:40,499 - src.model_training - INFO - Starting our Hyperparamter tuning
2025-10-15 20:53:40,499 - src.model_training - INFO - Starting our Hyperparamter tuning
2025-10-15 20:53:44,447 - src.model_training - INFO - Hyperparamter tuning completed
2025-10-15 20:53:44,447 - src.model_training - INFO - Best paramters are : {'boosting_type': 'gbdt', 'learning_rate': np.float64(0.1293700315892974), 'max_depth': 23, 'n_estimators': 314, 'num_leaves': 94}
2025-10-15 20:53:44,447 - src.model_training - INFO - Evaluating our model
2025-10-15 20:53:44,469 - src.model_training - INFO - Accuracy Score : 0.8814506539833532
2025-10-15 20:53:44,469 - src.model_training - INFO - Precision Score : 0.8670480549199084
2025-10-15 20:53:44,469 - src.model_training - INFO - Recall Score : 0.9010701545778834
2025-10-15 20:53:44,469 - src.model_training - INFO - F1 Score : 0.883731778425656
2025-10-15 20:53:44,469 - src.model_training - INFO - saving the model
2025-10-15 20:53:44,494 - src.model_training - INFO - Model saved to artifacts/models/lgbm_model.pkl
2025-10-15 20:53:44,494 - src.model_training - INFO - Logging the model into MLFLOW
2025-10-15 20:53:44,496 - src.model_training - INFO - Logging Params and metrics to MLFLOW
2025-10-15 20:53:44,532 - src.model_training - INFO - Model Training sucesfullly completed
